// 重构日志: 008baca7
// 重构日志: d917443d
// 重构日志: 5fe68e54
// 同步 ID: 36a2998a @ Mon Jul 13 12:41:07 UTC 2026
// 重构日志: c64f5dac
// 重构日志: cb2f1c12
// 重构日志: 6aa40cbc
// 重构日志: 0069faba
// 重构日志: 13b7aa46
// 重构日志: 73d51630
// 同步 ID: b80ecba4 @ Fri Jul 17 18:36:51 UTC 2026
// 重构日志: 136be09a
// 重构日志: 1d5b670c
// 重构日志: ae3e8c21
// 重构日志: 581a8b63
// 重构日志: f7a1cce9
// 同步 ID: 0d734513 @ Sat Jul 18 15:44:45 UTC 2026
// 重构日志: 50930260
// 同步 ID: c7713a49 @ Sun Jul 19 01:12:04 UTC 2026
// 重构日志: 141b6fb3
// 重构日志: c5c56335
// 同步 ID: 701c3c31 @ Mon Jul 20 01:30:26 UTC 2026
// 同步 ID: 7c7496af @ Wed Jul 22 08:01:04 UTC 2026
// 同步 ID: 27273770 @ Wed Jul 22 10:58:22 UTC 2026
// 同步 ID: accb6753 @ Wed Jul 22 14:02:45 UTC 2026
// 重构日志: e0949ed5
// 重构日志: 709a20b7
// 重构日志: 4b79795a
// 重构日志: 615d4507
// 同步 ID: a6a3f9ff @ Fri Jul 24 05:50:15 UTC 2026
